[+] بدء التشغيل: Sat Jun 13 09:26:14 +03 2026
--- START meta_full_pentest.sh ---
==========================================
  Meta Platforms - Full Penetration Test
==========================================

[1/5] DNS Reconnaissance...
[*] Scanning localhost...
meta_full_pentest.sh: line 15: dig: command not found
meta_full_pentest.sh: line 16: dig: command not found
meta_full_pentest.sh: line 17: dig: command not found
meta_full_pentest.sh: line 18: dig: command not found
meta_full_pentest.sh: line 19: dig: command not found
[*] Scanning instagram.com...
meta_full_pentest.sh: line 15: dig: command not found
meta_full_pentest.sh: line 16: dig: command not found
meta_full_pentest.sh: line 17: dig: command not found
meta_full_pentest.sh: line 18: dig: command not found
meta_full_pentest.sh: line 19: dig: command not found
[*] Scanning whatsapp.com...
meta_full_pentest.sh: line 15: dig: command not found
meta_full_pentest.sh: line 16: dig: command not found
meta_full_pentest.sh: line 17: dig: command not found
meta_full_pentest.sh: line 18: dig: command not found
meta_full_pentest.sh: line 19: dig: command not found
[*] Scanning messenger.com...
meta_full_pentest.sh: line 15: dig: command not found
meta_full_pentest.sh: line 16: dig: command not found
meta_full_pentest.sh: line 17: dig: command not found
meta_full_pentest.sh: line 18: dig: command not found
meta_full_pentest.sh: line 19: dig: command not found
[*] Scanning meta.com...
meta_full_pentest.sh: line 15: dig: command not found
meta_full_pentest.sh: line 16: dig: command not found
meta_full_pentest.sh: line 17: dig: command not found
meta_full_pentest.sh: line 18: dig: command not found
meta_full_pentest.sh: line 19: dig: command not found
[2/5] Service Scanning (limited ports)...
Starting Nmap 7.99 ( https://nmap.org ) at 2026-06-13 09:26 +0300
Nmap done: 0 IP addresses (0 hosts up) scanned in 4.85 seconds
[3/5] GraphQL Introspection (mock)...
[4/5] Exploitation Phase (mock tests)...
[5/5] Generating Report...
Report saved to ./meta_pentest_20260613_092614/reports/final_report.json

==========================================
  [+] Penetration Test Complete!
  [+] Results saved to: ./meta_pentest_20260613_092614
==========================================
--- END meta_full_pentest.sh ---
--- START meta_pentest_framework.sh ---
[+] Phase 1: Reconnaissance
[*] Scanning instagram.com
[*] Scanning cdninstagram.com
[*] Scanning whatsapp.com
[*] Scanning whatsapp.net
[*] Scanning wa.me
[*] Scanning facebook.com
[*] Scanning fbcdn.net
[*] Scanning meta.com
[*] Scanning messenger.com
[+] Phase 2: Vulnerability Scanning (mock)
[*] XSS scan mock
[*] SQLi scan mock
[+] Phase 3: Exploitation (mock)
[*] SSRF testing mock
[+] Phase 4: Reporting
[+] Framework execution complete!
--- END meta_pentest_framework.sh ---
--- START bypass_techniques.sh ---
[+] Testing Rate Limit Bypass (mock)...
Proxies: localhost:9050, localhost:8080, localhost:3128
Captcha bypass simulation (selenium required for real test).
[+] Test complete. No actual attack performed.
--- END bypass_techniques.sh ---
--- START meta_bug_hunting.sh ---
[+] Starting Meta Bug Bounty Reconnaissance on example.com
meta_bug_hunting.sh: line 7: subfinder: command not found
[*] Found subdomains: 0
[*] SQLi mock test
[*] XSS mock test
[*] SSRF mock test
[*] IDOR mock test
[+] Scan complete. Check results files (mock).
--- END meta_bug_hunting.sh ---
--- START whatsapp_mitm_proxy.py ---
[+] Exported mock intercepted messages
--- END whatsapp_mitm_proxy.py ---
--- START whatsapp_protocol_analysis.py ---
[*] WhatsApp Protocol Analyzer (mock)
[*] XMPP handshake simulation
[*] Media upload bypass test (mock)
[+] Analysis complete.
--- END whatsapp_protocol_analysis.py ---
--- START oauth_bypass.py ---
[*] Testing https://evil.com/oauth_callback -> HTTP 302
[*] Testing //evil.com/callback -> HTTP 302
[*] GQL query: {__schema{types{name}}}... (mock)
[*] GQL query: {user(id:"1"){id,email}}... (mock)
--- END oauth_bypass.py ---
--- START facebook_graphql_exploits.py ---
[!] Testing field: password (mock)
[!] Testing field: credit_card (mock)
[!] Testing field: ssn (mock)
[*] Batch GraphQL query (mock)
--- END facebook_graphql_exploits.py ---
--- START instagram_exploit.py ---
[*] Instagram login mock
[*] IDOR on DMs (mock)
[*] Media upload bypass (mock)
[*] Story view bypass (mock)
--- END instagram_exploit.py ---
--- START instagram_api_exploit.py ---
[*] IDOR messages test (mock)
--- END instagram_api_exploit.py ---
--- START meta_web_exploits.py ---
[*] https://www.facebook.com X-Frame-Options: DENY
[*] https://www.instagram.com X-Frame-Options: Not Set
--- END meta_web_exploits.py ---
--- START advanced_data_extraction.py ---
[*] Data extractor initialized (mock)
[+] Extracted mock data for 123456
[+] Extracted mock data for testuser
--- END advanced_data_extraction.py ---
--- START final_report.py ---
[+] Report saved to pentest_report.html
--- END final_report.py ---
